SF:lib/app/data/games/games_repository.dart
DA:10,1
DA:14,4
DA:15,1
DA:16,2
DA:22,1
DA:29,1
DA:31,0
DA:32,0
DA:33,0
DA:34,0
DA:36,0
DA:37,0
DA:38,0
DA:39,0
DA:42,2
DA:44,1
DA:49,3
DA:50,1
DA:54,0
DA:56,0
DA:58,0
DA:59,0
DA:61,0
DA:62,0
DA:67,0
DA:70,0
DA:71,0
DA:74,0
DA:76,0
DA:77,0
DA:79,0
LF:31
LH:10
end_of_record
SF:lib/app/data/games/model/game.dart
DA:33,0
DA:40,0
DA:52,0
DA:53,0
DA:65,0
DA:66,0
DA:78,0
DA:79,0
DA:90,0
DA:91,0
LF:10
LH:0
end_of_record
SF:lib/app/data/games/model/game.g.dart
DA:9,0
DA:10,0
DA:11,0
DA:12,0
DA:13,0
DA:14,0
DA:15,0
DA:16,0
DA:17,0
DA:18,0
DA:19,0
DA:20,0
DA:22,0
DA:23,0
DA:24,0
DA:25,0
DA:26,0
DA:27,0
DA:28,0
DA:29,0
DA:31,0
DA:32,0
DA:33,0
DA:34,0
DA:38,0
DA:39,0
DA:40,0
DA:41,0
DA:42,0
DA:43,0
DA:44,0
DA:45,0
DA:46,0
DA:47,0
DA:48,0
DA:49,0
DA:50,0
DA:51,0
DA:52,0
DA:53,0
DA:54,0
DA:55,0
DA:56,0
DA:57,0
DA:60,0
DA:63,0
DA:64,0
DA:66,0
DA:67,0
DA:68,0
DA:69,0
DA:70,0
DA:73,0
DA:74,0
DA:75,0
DA:76,0
DA:77,0
DA:80,0
DA:81,0
DA:82,0
DA:84,0
DA:86,0
DA:87,0
DA:89,0
DA:92,0
DA:93,0
DA:94,0
DA:95,0
DA:96,0
DA:99,0
DA:100,0
DA:101,0
DA:102,0
DA:103,0
DA:106,0
DA:107,0
DA:108,0
DA:109,0
DA:110,0
DA:113,0
DA:114,0
DA:115,0
DA:116,0
DA:119,0
DA:120,0
DA:121,0
DA:122,0
LF:87
LH:0
end_of_record
SF:lib/app/network/http_client.dart
DA:9,0
DA:10,0
DA:11,0
DA:12,0
DA:13,0
DA:14,0
DA:15,0
DA:19,0
DA:22,0
DA:23,0
DA:26,0
DA:29,3
DA:30,0
DA:31,0
DA:41,0
DA:48,0
DA:49,0
DA:52,0
DA:54,0
DA:55,0
DA:56,0
DA:61,0
DA:64,0
DA:73,0
DA:74,0
DA:77,0
DA:80,0
DA:81,0
DA:82,0
DA:88,0
DA:91,0
DA:100,0
DA:101,0
DA:104,0
DA:107,0
DA:108,0
DA:109,0
DA:115,0
DA:118,0
DA:127,0
DA:128,0
DA:131,0
DA:134,0
DA:135,0
DA:136,0
DA:142,0
DA:145,0
DA:154,0
DA:155,0
DA:158,0
DA:161,0
DA:162,0
DA:163,0
DA:169,0
DA:172,0
DA:181,0
DA:182,0
DA:186,0
DA:189,0
DA:190,0
DA:191,0
DA:196,0
DA:199,0
DA:203,0
DA:206,0
DA:207,0
DA:208,0
DA:209,0
DA:210,0
DA:211,0
DA:212,0
DA:213,0
DA:215,0
DA:216,0
DA:218,0
DA:219,0
DA:220,0
DA:222,0
DA:234,0
DA:245,0
DA:271,0
DA:273,0
DA:275,0
DA:277,0
DA:279,0
LF:85
LH:1
end_of_record
SF:lib/app/utils/date_time_formatter.dart
DA:5,0
DA:8,0
DA:12,0
DA:15,0
DA:18,0
DA:21,0
DA:26,1
DA:29,2
LF:8
LH:2
end_of_record
SF:lib/app/data/base_response.dart
DA:15,0
DA:19,0
LF:2
LH:0
end_of_record
SF:lib/app/data/base_response.g.dart
DA:9,0
DA:13,0
DA:14,0
DA:15,0
DA:16,0
DA:17,0
DA:20,0
DA:24,0
DA:25,0
DA:26,0
DA:27,0
DA:28,0
LF:12
LH:0
end_of_record
SF:lib/app/utils/try_parse_date_time.dart
DA:4,3
DA:6,0
DA:8,0
DA:10,0
DA:11,0
LF:5
LH:1
end_of_record
SF:lib/app/network/exceptions.dart
DA:2,0
DA:7,0
DA:9,0
DA:14,0
DA:16,0
DA:23,0
DA:25,0
LF:7
LH:0
end_of_record
SF:lib/app/network/network_config.dart
DA:4,0
DA:11,0
DA:12,0
DA:13,0
LF:4
LH:0
end_of_record
