TN:
SF:lib/app/data/games/games_repository.dart
FNF:0
FNH:0
DA:10,1
DA:14,10
DA:15,1
DA:16,2
DA:22,1
DA:26,1
DA:27,1
DA:28,2
DA:29,1
DA:30,1
DA:32,1
DA:33,1
DA:34,1
DA:35,1
DA:38,2
DA:40,1
DA:45,3
DA:46,1
DA:50,1
DA:52,1
DA:54,1
DA:55,2
DA:57,1
DA:62,1
DA:65,2
DA:66,1
DA:69,1
LF:27
LH:27
end_of_record
TN:
SF:lib/app/data/games/model/game.dart
FNF:0
FNH:0
DA:37,2
DA:49,1
DA:50,1
DA:62,1
DA:63,1
DA:76,1
DA:77,1
DA:88,1
DA:89,1
DA:103,2
DA:117,1
DA:118,1
DA:130,2
DA:144,1
DA:145,1
LF:15
LH:15
end_of_record
TN:
SF:lib/app/data/games/model/game.g.dart
FNF:0
FNH:0
DA:9,2
DA:10,1
DA:11,1
DA:12,1
DA:13,1
DA:14,2
DA:15,1
DA:16,1
DA:17,2
DA:18,1
DA:19,1
DA:20,1
DA:21,1
DA:22,1
DA:23,1
DA:24,1
DA:25,1
DA:26,2
DA:27,1
DA:29,2
DA:30,1
DA:31,3
DA:32,1
DA:34,1
DA:35,3
DA:36,1
DA:38,1
DA:39,3
DA:40,1
DA:42,1
DA:43,3
DA:44,1
DA:48,0
DA:49,0
DA:50,0
DA:51,0
DA:52,0
DA:53,0
DA:54,0
DA:55,0
DA:56,0
DA:57,0
DA:58,0
DA:59,0
DA:60,0
DA:61,0
DA:62,0
DA:63,0
DA:64,0
DA:65,0
DA:66,0
DA:67,0
DA:68,0
DA:69,0
DA:70,0
DA:71,0
DA:74,1
DA:75,1
DA:76,1
DA:77,1
DA:78,1
DA:81,0
DA:82,0
DA:83,0
DA:84,0
DA:85,0
DA:88,1
DA:89,1
DA:90,1
DA:92,2
DA:94,2
DA:95,1
DA:97,2
DA:100,0
DA:101,0
DA:102,0
DA:103,0
DA:104,0
DA:107,1
DA:108,1
DA:109,1
DA:110,1
DA:111,1
DA:112,1
DA:115,0
DA:116,0
DA:117,0
DA:118,0
DA:119,0
DA:120,0
DA:123,1
DA:124,1
DA:125,1
DA:126,1
DA:129,0
DA:130,0
DA:131,0
DA:132,0
DA:135,2
DA:136,1
DA:137,1
DA:138,1
DA:139,1
DA:140,1
DA:143,0
DA:144,0
DA:145,0
DA:146,0
DA:147,0
DA:148,0
DA:149,0
DA:152,1
DA:153,1
DA:154,1
DA:155,1
DA:156,1
DA:157,1
DA:158,1
DA:161,0
DA:162,0
DA:163,0
DA:164,0
DA:165,0
DA:166,0
DA:167,0
DA:170,2
DA:171,1
DA:172,1
DA:173,1
DA:175,2
DA:178,0
DA:179,0
DA:180,0
DA:181,0
DA:182,0
DA:185,1
DA:186,1
DA:187,1
DA:188,1
DA:189,1
DA:190,1
DA:191,1
DA:194,0
DA:195,0
DA:196,0
DA:197,0
DA:198,0
DA:199,0
DA:200,0
LF:149
LH:79
end_of_record
TN:
SF:lib/app/data/pagination.dart
FNF:0
FNH:0
DA:15,1
DA:19,1
LF:2
LH:2
end_of_record
TN:
SF:lib/app/data/pagination.g.dart
FNF:0
FNH:0
DA:9,1
DA:13,1
DA:14,1
DA:15,1
DA:16,1
DA:17,2
DA:20,0
DA:24,0
DA:25,0
DA:26,0
DA:27,0
DA:28,0
LF:12
LH:6
end_of_record
TN:
SF:lib/app/localizations/build_context_localizations_extension.dart
FNF:0
FNH:0
DA:5,4
LF:1
LH:1
end_of_record
TN:
SF:lib/app/utils/date_time_formatter.dart
FNF:0
FNH:0
DA:5,2
DA:8,4
DA:12,1
DA:15,2
DA:18,1
DA:21,3
DA:26,2
DA:29,4
LF:8
LH:8
end_of_record
TN:
SF:lib/app/utils/string_extension.dart
FNF:0
FNH:0
DA:3,2
LF:1
LH:1
end_of_record
TN:
SF:lib/app/utils/try_parse_date_time.dart
FNF:0
FNH:0
DA:4,18
DA:6,2
DA:8,4
DA:10,1
DA:11,2
LF:5
LH:5
end_of_record
TN:
SF:lib/app/widgets/empty_data_widget.dart
FNF:0
FNH:0
DA:4,1
DA:11,1
DA:13,1
DA:14,2
LF:4
LH:4
end_of_record
TN:
SF:lib/app/widgets/error_state_widget.dart
FNF:0
FNH:0
DA:5,2
DA:12,2
DA:14,2
DA:15,2
DA:17,2
DA:18,6
DA:20,2
DA:21,2
DA:22,6
LF:9
LH:9
end_of_record
TN:
SF:lib/app/widgets/image_network_widget.dart
FNF:0
FNH:0
DA:5,2
DA:14,2
DA:16,2
DA:17,2
DA:18,2
DA:19,2
DA:20,2
DA:22,2
DA:25,0
DA:27,2
DA:28,6
DA:33,2
DA:34,2
DA:37,2
DA:39,2
LF:15
LH:14
end_of_record
TN:
SF:lib/app/widgets/loading_state_widget.dart
FNF:0
FNH:0
DA:5,3
DA:12,2
DA:14,6
DA:16,2
DA:17,2
LF:5
LH:5
end_of_record
TN:
SF:lib/app/widgets/next_page_loading_indicator.dart
FNF:0
FNH:0
DA:6,1
DA:15,1
DA:17,1
DA:18,2
DA:19,0
DA:20,1
DA:21,1
DA:23,1
DA:24,1
DA:25,3
DA:29,0
DA:31,0
LF:12
LH:9
end_of_record
TN:
SF:lib/features/game_details/game_details_controller.dart
FNF:0
FNH:0
DA:11,1
DA:12,1
DA:14,3
DA:16,2
DA:17,2
DA:25,1
DA:28,1
DA:30,2
DA:33,1
DA:34,2
DA:37,1
DA:38,4
DA:40,1
DA:41,4
DA:44,1
DA:46,4
LF:16
LH:16
end_of_record
TN:
SF:lib/features/game_details/game_details_screen.dart
FNF:0
FNH:0
DA:10,1
DA:17,1
DA:18,1
DA:24,1
DA:26,1
DA:28,3
DA:29,7
DA:33,1
DA:35,2
DA:36,4
DA:39,1
DA:40,1
DA:41,1
DA:42,2
DA:49,1
DA:50,1
DA:51,1
DA:52,1
DA:53,1
DA:60,1
DA:62,1
DA:63,1
DA:64,1
DA:68,1
DA:69,1
DA:76,7
DA:78,1
DA:79,4
DA:80,1
DA:81,6
DA:83,1
DA:84,2
DA:90,1
DA:91,1
DA:92,4
DA:93,1
DA:94,1
DA:97,1
DA:98,2
DA:104,2
DA:106,1
DA:107,2
DA:113,1
DA:114,6
DA:121,1
DA:122,1
DA:123,5
DA:126,1
LF:48
LH:48
end_of_record
TN:
SF:lib/features/game_list/game_list_controller.dart
FNF:0
FNH:0
DA:11,2
DA:13,2
DA:14,1
DA:15,2
DA:16,2
DA:26,1
DA:27,2
DA:30,1
DA:31,2
DA:34,1
DA:35,4
DA:37,1
DA:39,1
DA:40,3
DA:43,1
DA:45,1
DA:46,1
DA:48,2
DA:49,3
DA:51,4
DA:52,2
DA:54,1
DA:55,4
DA:56,3
DA:61,1
DA:62,3
DA:63,3
DA:64,1
DA:66,4
DA:68,1
DA:69,3
DA:70,2
DA:74,1
DA:76,1
DA:77,1
DA:79,2
DA:80,3
DA:82,3
DA:84,4
DA:85,3
DA:89,4
DA:90,3
LF:42
LH:42
end_of_record
TN:
SF:lib/features/game_list/game_list_screen.dart
FNF:0
FNH:0
DA:14,1
DA:16,1
DA:17,1
DA:23,1
DA:25,1
DA:27,3
DA:28,5
DA:32,1
DA:34,1
DA:35,1
DA:36,1
DA:37,2
DA:44,1
DA:45,1
DA:50,1
DA:51,6
DA:53,1
DA:54,1
DA:55,1
DA:56,1
DA:57,3
DA:61,1
DA:63,1
DA:64,1
DA:65,5
DA:68,1
DA:74,1
DA:76,2
DA:77,2
DA:78,1
DA:79,2
DA:80,2
DA:83,2
DA:84,4
DA:87,1
DA:88,1
DA:89,3
DA:91,3
DA:93,5
DA:99,1
DA:106,2
DA:107,1
DA:108,2
DA:109,1
DA:111,1
DA:112,3
DA:114,3
DA:118,1
DA:120,5
DA:127,1
DA:128,1
DA:129,1
DA:130,1
DA:131,0
LF:54
LH:53
end_of_record
TN:
SF:lib/features/game_list/widgets/game_card.dart
FNF:0
FNH:0
DA:8,1
DA:17,1
DA:19,1
DA:20,1
DA:21,1
DA:22,1
DA:29,1
DA:31,1
DA:32,1
DA:33,2
DA:37,1
DA:38,2
DA:47,1
DA:48,6
DA:55,1
DA:56,5
LF:16
LH:16
end_of_record
